Date/Time: 11/10/2017 14:21:07
Method: EnableAllMenu
Message: Could not load file or assembly 'Accessibility, Version=4.0.0.0, Culture=neutral, PublicKeyToken=b03f5f7f11d50a3a' or one of its dependencies. Access is denied.
StackTrace:    at System.ModuleHandle.ResolveType(RuntimeModule module, Int32 typeToken, IntPtr* typeInstArgs, Int32 typeInstCount, IntPtr* methodInstArgs, Int32 methodInstCount, ObjectHandleOnStack type)
   at System.ModuleHandle.ResolveTypeHandleInternal(RuntimeModule module, Int32 typeToken, RuntimeTypeHandle[] typeInstantiationContext, RuntimeTypeHandle[] methodInstantiationContext)
   at System.RuntimeType.RuntimeTypeCache.MemberInfoCache`1.PopulateNestedClasses(Filter filter)
   at System.RuntimeType.RuntimeTypeCache.MemberInfoCache`1.GetListByName(Char* pName, Int32 cNameLen, Byte* pUtf8Name, Int32 cUtf8Name, MemberListType listType, CacheType cacheType)
   at System.RuntimeType.RuntimeTypeCache.MemberInfoCache`1.Populate(String name, MemberListType listType, CacheType cacheType)
   at System.RuntimeType.GetNestedTypeCandidates(String fullname, BindingFlags bindingAttr, Boolean allowPrefixLookup)
   at System.RuntimeType.GetMember(String name, MemberTypes type, BindingFlags bindingAttr)
   at Microsoft.VisualBasic.CompilerServices.Symbols.Container.LookupNamedMembers(String MemberName)
   at Microsoft.VisualBasic.CompilerServices.Symbols.Container.GetMembers(String& MemberName, Boolean ReportErrors)
   at Microsoft.VisualBasic.CompilerServices.NewLateBinding.ObjectLateGet(Object Instance, Type Type, String MemberName, Object[] Arguments, String[] ArgumentNames, Type[] TypeArguments, Boolean[] CopyBack)
   at Microsoft.VisualBasic.CompilerServices.NewLateBinding.LateGet(Object Instance, Type Type, String MemberName, Object[] Arguments, String[] ArgumentNames, Type[] TypeArguments, Boolean[] CopyBack)
   at a0.a(Object A_0)
====================
Date/Time: 11/10/2017 14:21:09
Method: EnableAllMenu
Message: Could not load file or assembly 'Accessibility, Version=4.0.0.0, Culture=neutral, PublicKeyToken=b03f5f7f11d50a3a' or one of its dependencies. Access is denied.
StackTrace:    at System.ModuleHandle.ResolveType(RuntimeModule module, Int32 typeToken, IntPtr* typeInstArgs, Int32 typeInstCount, IntPtr* methodInstArgs, Int32 methodInstCount, ObjectHandleOnStack type)
   at System.ModuleHandle.ResolveTypeHandleInternal(RuntimeModule module, Int32 typeToken, RuntimeTypeHandle[] typeInstantiationContext, RuntimeTypeHandle[] methodInstantiationContext)
   at System.RuntimeType.RuntimeTypeCache.MemberInfoCache`1.PopulateNestedClasses(Filter filter)
   at System.RuntimeType.RuntimeTypeCache.MemberInfoCache`1.GetListByName(Char* pName, Int32 cNameLen, Byte* pUtf8Name, Int32 cUtf8Name, MemberListType listType, CacheType cacheType)
   at System.RuntimeType.RuntimeTypeCache.MemberInfoCache`1.Populate(String name, MemberListType listType, CacheType cacheType)
   at System.RuntimeType.GetNestedTypeCandidates(String fullname, BindingFlags bindingAttr, Boolean allowPrefixLookup)
   at System.RuntimeType.GetMember(String name, MemberTypes type, BindingFlags bindingAttr)
   at Microsoft.VisualBasic.CompilerServices.Symbols.Container.LookupNamedMembers(String MemberName)
   at Microsoft.VisualBasic.CompilerServices.Symbols.Container.GetMembers(String& MemberName, Boolean ReportErrors)
   at Microsoft.VisualBasic.CompilerServices.NewLateBinding.ObjectLateGet(Object Instance, Type Type, String MemberName, Object[] Arguments, String[] ArgumentNames, Type[] TypeArguments, Boolean[] CopyBack)
   at Microsoft.VisualBasic.CompilerServices.NewLateBinding.LateGet(Object Instance, Type Type, String MemberName, Object[] Arguments, String[] ArgumentNames, Type[] TypeArguments, Boolean[] CopyBack)
   at a0.a(Object A_0)
====================
Date/Time: 11/10/2017 14:21:11
Method: EnableAllMenu
Message: Could not load file or assembly 'Accessibility, Version=4.0.0.0, Culture=neutral, PublicKeyToken=b03f5f7f11d50a3a' or one of its dependencies. Access is denied.
StackTrace:    at System.ModuleHandle.ResolveType(RuntimeModule module, Int32 typeToken, IntPtr* typeInstArgs, Int32 typeInstCount, IntPtr* methodInstArgs, Int32 methodInstCount, ObjectHandleOnStack type)
   at System.ModuleHandle.ResolveTypeHandleInternal(RuntimeModule module, Int32 typeToken, RuntimeTypeHandle[] typeInstantiationContext, RuntimeTypeHandle[] methodInstantiationContext)
   at System.RuntimeType.RuntimeTypeCache.MemberInfoCache`1.PopulateNestedClasses(Filter filter)
   at System.RuntimeType.RuntimeTypeCache.MemberInfoCache`1.GetListByName(Char* pName, Int32 cNameLen, Byte* pUtf8Name, Int32 cUtf8Name, MemberListType listType, CacheType cacheType)
   at System.RuntimeType.RuntimeTypeCache.MemberInfoCache`1.Populate(String name, MemberListType listType, CacheType cacheType)
   at System.RuntimeType.GetNestedTypeCandidates(String fullname, BindingFlags bindingAttr, Boolean allowPrefixLookup)
   at System.RuntimeType.GetMember(String name, MemberTypes type, BindingFlags bindingAttr)
   at Microsoft.VisualBasic.CompilerServices.Symbols.Container.LookupNamedMembers(String MemberName)
   at Microsoft.VisualBasic.CompilerServices.Symbols.Container.GetMembers(String& MemberName, Boolean ReportErrors)
   at Microsoft.VisualBasic.CompilerServices.NewLateBinding.ObjectLateGet(Object Instance, Type Type, String MemberName, Object[] Arguments, String[] ArgumentNames, Type[] TypeArguments, Boolean[] CopyBack)
   at Microsoft.VisualBasic.CompilerServices.NewLateBinding.LateGet(Object Instance, Type Type, String MemberName, Object[] Arguments, String[] ArgumentNames, Type[] TypeArguments, Boolean[] CopyBack)
   at a0.a(Object A_0)
====================
Date/Time: 11/10/2017 14:21:11
Method: EnableAllMenu
Message: Could not load file or assembly 'Accessibility, Version=4.0.0.0, Culture=neutral, PublicKeyToken=b03f5f7f11d50a3a' or one of its dependencies. Access is denied.
StackTrace:    at System.ModuleHandle.ResolveType(RuntimeModule module, Int32 typeToken, IntPtr* typeInstArgs, Int32 typeInstCount, IntPtr* methodInstArgs, Int32 methodInstCount, ObjectHandleOnStack type)
   at System.ModuleHandle.ResolveTypeHandleInternal(RuntimeModule module, Int32 typeToken, RuntimeTypeHandle[] typeInstantiationContext, RuntimeTypeHandle[] methodInstantiationContext)
   at System.RuntimeType.RuntimeTypeCache.MemberInfoCache`1.PopulateNestedClasses(Filter filter)
   at System.RuntimeType.RuntimeTypeCache.MemberInfoCache`1.GetListByName(Char* pName, Int32 cNameLen, Byte* pUtf8Name, Int32 cUtf8Name, MemberListType listType, CacheType cacheType)
   at System.RuntimeType.RuntimeTypeCache.MemberInfoCache`1.Populate(String name, MemberListType listType, CacheType cacheType)
   at System.RuntimeType.GetNestedTypeCandidates(String fullname, BindingFlags bindingAttr, Boolean allowPrefixLookup)
   at System.RuntimeType.GetMember(String name, MemberTypes type, BindingFlags bindingAttr)
   at Microsoft.VisualBasic.CompilerServices.Symbols.Container.LookupNamedMembers(String MemberName)
   at Microsoft.VisualBasic.CompilerServices.Symbols.Container.GetMembers(String& MemberName, Boolean ReportErrors)
   at Microsoft.VisualBasic.CompilerServices.NewLateBinding.ObjectLateGet(Object Instance, Type Type, String MemberName, Object[] Arguments, String[] ArgumentNames, Type[] TypeArguments, Boolean[] CopyBack)
   at Microsoft.VisualBasic.CompilerServices.NewLateBinding.LateGet(Object Instance, Type Type, String MemberName, Object[] Arguments, String[] ArgumentNames, Type[] TypeArguments, Boolean[] CopyBack)
   at a0.a(Object A_0)
====================
Date/Time: 11/10/2017 14:21:12
Method: EnableAllMenu
Message: Could not load file or assembly 'Accessibility, Version=4.0.0.0, Culture=neutral, PublicKeyToken=b03f5f7f11d50a3a' or one of its dependencies. Access is denied.
StackTrace:    at System.ModuleHandle.ResolveType(RuntimeModule module, Int32 typeToken, IntPtr* typeInstArgs, Int32 typeInstCount, IntPtr* methodInstArgs, Int32 methodInstCount, ObjectHandleOnStack type)
   at System.ModuleHandle.ResolveTypeHandleInternal(RuntimeModule module, Int32 typeToken, RuntimeTypeHandle[] typeInstantiationContext, RuntimeTypeHandle[] methodInstantiationContext)
   at System.RuntimeType.RuntimeTypeCache.MemberInfoCache`1.PopulateNestedClasses(Filter filter)
   at System.RuntimeType.RuntimeTypeCache.MemberInfoCache`1.GetListByName(Char* pName, Int32 cNameLen, Byte* pUtf8Name, Int32 cUtf8Name, MemberListType listType, CacheType cacheType)
   at System.RuntimeType.RuntimeTypeCache.MemberInfoCache`1.Populate(String name, MemberListType listType, CacheType cacheType)
   at System.RuntimeType.GetNestedTypeCandidates(String fullname, BindingFlags bindingAttr, Boolean allowPrefixLookup)
   at System.RuntimeType.GetMember(String name, MemberTypes type, BindingFlags bindingAttr)
   at Microsoft.VisualBasic.CompilerServices.Symbols.Container.LookupNamedMembers(String MemberName)
   at Microsoft.VisualBasic.CompilerServices.Symbols.Container.GetMembers(String& MemberName, Boolean ReportErrors)
   at Microsoft.VisualBasic.CompilerServices.NewLateBinding.ObjectLateGet(Object Instance, Type Type, String MemberName, Object[] Arguments, String[] ArgumentNames, Type[] TypeArguments, Boolean[] CopyBack)
   at Microsoft.VisualBasic.CompilerServices.NewLateBinding.LateGet(Object Instance, Type Type, String MemberName, Object[] Arguments, String[] ArgumentNames, Type[] TypeArguments, Boolean[] CopyBack)
   at a0.a(Object A_0)
====================
Date/Time: 11/10/2017 14:21:12
Method: EnableAllMenu
Message: Could not load file or assembly 'Accessibility, Version=4.0.0.0, Culture=neutral, PublicKeyToken=b03f5f7f11d50a3a' or one of its dependencies. Access is denied.
StackTrace:    at System.ModuleHandle.ResolveType(RuntimeModule module, Int32 typeToken, IntPtr* typeInstArgs, Int32 typeInstCount, IntPtr* methodInstArgs, Int32 methodInstCount, ObjectHandleOnStack type)
   at System.ModuleHandle.ResolveTypeHandleInternal(RuntimeModule module, Int32 typeToken, RuntimeTypeHandle[] typeInstantiationContext, RuntimeTypeHandle[] methodInstantiationContext)
   at System.RuntimeType.RuntimeTypeCache.MemberInfoCache`1.PopulateNestedClasses(Filter filter)
   at System.RuntimeType.RuntimeTypeCache.MemberInfoCache`1.GetListByName(Char* pName, Int32 cNameLen, Byte* pUtf8Name, Int32 cUtf8Name, MemberListType listType, CacheType cacheType)
   at System.RuntimeType.RuntimeTypeCache.MemberInfoCache`1.Populate(String name, MemberListType listType, CacheType cacheType)
   at System.RuntimeType.GetNestedTypeCandidates(String fullname, BindingFlags bindingAttr, Boolean allowPrefixLookup)
   at System.RuntimeType.GetMember(String name, MemberTypes type, BindingFlags bindingAttr)
   at Microsoft.VisualBasic.CompilerServices.Symbols.Container.LookupNamedMembers(String MemberName)
   at Microsoft.VisualBasic.CompilerServices.Symbols.Container.GetMembers(String& MemberName, Boolean ReportErrors)
   at Microsoft.VisualBasic.CompilerServices.NewLateBinding.ObjectLateGet(Object Instance, Type Type, String MemberName, Object[] Arguments, String[] ArgumentNames, Type[] TypeArguments, Boolean[] CopyBack)
   at Microsoft.VisualBasic.CompilerServices.NewLateBinding.LateGet(Object Instance, Type Type, String MemberName, Object[] Arguments, String[] ArgumentNames, Type[] TypeArguments, Boolean[] CopyBack)
   at a0.a(Object A_0)
====================
Date/Time: 11/10/2017 14:21:12
Method: EnableAllMenu
Message: Could not load file or assembly 'Accessibility, Version=4.0.0.0, Culture=neutral, PublicKeyToken=b03f5f7f11d50a3a' or one of its dependencies. Access is denied.
StackTrace:    at System.ModuleHandle.ResolveType(RuntimeModule module, Int32 typeToken, IntPtr* typeInstArgs, Int32 typeInstCount, IntPtr* methodInstArgs, Int32 methodInstCount, ObjectHandleOnStack type)
   at System.ModuleHandle.ResolveTypeHandleInternal(RuntimeModule module, Int32 typeToken, RuntimeTypeHandle[] typeInstantiationContext, RuntimeTypeHandle[] methodInstantiationContext)
   at System.RuntimeType.RuntimeTypeCache.MemberInfoCache`1.PopulateNestedClasses(Filter filter)
   at System.RuntimeType.RuntimeTypeCache.MemberInfoCache`1.GetListByName(Char* pName, Int32 cNameLen, Byte* pUtf8Name, Int32 cUtf8Name, MemberListType listType, CacheType cacheType)
   at System.RuntimeType.RuntimeTypeCache.MemberInfoCache`1.Populate(String name, MemberListType listType, CacheType cacheType)
   at System.RuntimeType.GetNestedTypeCandidates(String fullname, BindingFlags bindingAttr, Boolean allowPrefixLookup)
   at System.RuntimeType.GetMember(String name, MemberTypes type, BindingFlags bindingAttr)
   at Microsoft.VisualBasic.CompilerServices.Symbols.Container.LookupNamedMembers(String MemberName)
   at Microsoft.VisualBasic.CompilerServices.Symbols.Container.GetMembers(String& MemberName, Boolean ReportErrors)
   at Microsoft.VisualBasic.CompilerServices.NewLateBinding.ObjectLateGet(Object Instance, Type Type, String MemberName, Object[] Arguments, String[] ArgumentNames, Type[] TypeArguments, Boolean[] CopyBack)
   at Microsoft.VisualBasic.CompilerServices.NewLateBinding.LateGet(Object Instance, Type Type, String MemberName, Object[] Arguments, String[] ArgumentNames, Type[] TypeArguments, Boolean[] CopyBack)
   at a0.a(Object A_0)
====================
Date/Time: 11/10/2017 14:21:12
Method: EnableAllMenu
Message: Could not load file or assembly 'Accessibility, Version=4.0.0.0, Culture=neutral, PublicKeyToken=b03f5f7f11d50a3a' or one of its dependencies. Access is denied.
StackTrace:    at System.ModuleHandle.ResolveType(RuntimeModule module, Int32 typeToken, IntPtr* typeInstArgs, Int32 typeInstCount, IntPtr* methodInstArgs, Int32 methodInstCount, ObjectHandleOnStack type)
   at System.ModuleHandle.ResolveTypeHandleInternal(RuntimeModule module, Int32 typeToken, RuntimeTypeHandle[] typeInstantiationContext, RuntimeTypeHandle[] methodInstantiationContext)
   at System.RuntimeType.RuntimeTypeCache.MemberInfoCache`1.PopulateNestedClasses(Filter filter)
   at System.RuntimeType.RuntimeTypeCache.MemberInfoCache`1.GetListByName(Char* pName, Int32 cNameLen, Byte* pUtf8Name, Int32 cUtf8Name, MemberListType listType, CacheType cacheType)
   at System.RuntimeType.RuntimeTypeCache.MemberInfoCache`1.Populate(String name, MemberListType listType, CacheType cacheType)
   at System.RuntimeType.GetNestedTypeCandidates(String fullname, BindingFlags bindingAttr, Boolean allowPrefixLookup)
   at System.RuntimeType.GetMember(String name, MemberTypes type, BindingFlags bindingAttr)
   at Microsoft.VisualBasic.CompilerServices.Symbols.Container.LookupNamedMembers(String MemberName)
   at Microsoft.VisualBasic.CompilerServices.Symbols.Container.GetMembers(String& MemberName, Boolean ReportErrors)
   at Microsoft.VisualBasic.CompilerServices.NewLateBinding.ObjectLateGet(Object Instance, Type Type, String MemberName, Object[] Arguments, String[] ArgumentNames, Type[] TypeArguments, Boolean[] CopyBack)
   at Microsoft.VisualBasic.CompilerServices.NewLateBinding.LateGet(Object Instance, Type Type, String MemberName, Object[] Arguments, String[] ArgumentNames, Type[] TypeArguments, Boolean[] CopyBack)
   at a0.a(Object A_0)
====================
Date/Time: 11/10/2017 14:21:13
Method: EnableAllMenu
Message: Could not load file or assembly 'Accessibility, Version=4.0.0.0, Culture=neutral, PublicKeyToken=b03f5f7f11d50a3a' or one of its dependencies. Access is denied.
StackTrace:    at System.ModuleHandle.ResolveType(RuntimeModule module, Int32 typeToken, IntPtr* typeInstArgs, Int32 typeInstCount, IntPtr* methodInstArgs, Int32 methodInstCount, ObjectHandleOnStack type)
   at System.ModuleHandle.ResolveTypeHandleInternal(RuntimeModule module, Int32 typeToken, RuntimeTypeHandle[] typeInstantiationContext, RuntimeTypeHandle[] methodInstantiationContext)
   at System.RuntimeType.RuntimeTypeCache.MemberInfoCache`1.PopulateNestedClasses(Filter filter)
   at System.RuntimeType.RuntimeTypeCache.MemberInfoCache`1.GetListByName(Char* pName, Int32 cNameLen, Byte* pUtf8Name, Int32 cUtf8Name, MemberListType listType, CacheType cacheType)
   at System.RuntimeType.RuntimeTypeCache.MemberInfoCache`1.Populate(String name, MemberListType listType, CacheType cacheType)
   at System.RuntimeType.GetNestedTypeCandidates(String fullname, BindingFlags bindingAttr, Boolean allowPrefixLookup)
   at System.RuntimeType.GetMember(String name, MemberTypes type, BindingFlags bindingAttr)
   at Microsoft.VisualBasic.CompilerServices.Symbols.Container.LookupNamedMembers(String MemberName)
   at Microsoft.VisualBasic.CompilerServices.Symbols.Container.GetMembers(String& MemberName, Boolean ReportErrors)
   at Microsoft.VisualBasic.CompilerServices.NewLateBinding.ObjectLateGet(Object Instance, Type Type, String MemberName, Object[] Arguments, String[] ArgumentNames, Type[] TypeArguments, Boolean[] CopyBack)
   at Microsoft.VisualBasic.CompilerServices.NewLateBinding.LateGet(Object Instance, Type Type, String MemberName, Object[] Arguments, String[] ArgumentNames, Type[] TypeArguments, Boolean[] CopyBack)
   at a0.a(Object A_0)
====================
Date/Time: 11/10/2017 14:21:13
Method: EnableAllMenu
Message: Could not load file or assembly 'Accessibility, Version=4.0.0.0, Culture=neutral, PublicKeyToken=b03f5f7f11d50a3a' or one of its dependencies. Access is denied.
StackTrace:    at System.ModuleHandle.ResolveType(RuntimeModule module, Int32 typeToken, IntPtr* typeInstArgs, Int32 typeInstCount, IntPtr* methodInstArgs, Int32 methodInstCount, ObjectHandleOnStack type)
   at System.ModuleHandle.ResolveTypeHandleInternal(RuntimeModule module, Int32 typeToken, RuntimeTypeHandle[] typeInstantiationContext, RuntimeTypeHandle[] methodInstantiationContext)
   at System.RuntimeType.RuntimeTypeCache.MemberInfoCache`1.PopulateNestedClasses(Filter filter)
   at System.RuntimeType.RuntimeTypeCache.MemberInfoCache`1.GetListByName(Char* pName, Int32 cNameLen, Byte* pUtf8Name, Int32 cUtf8Name, MemberListType listType, CacheType cacheType)
   at System.RuntimeType.RuntimeTypeCache.MemberInfoCache`1.Populate(String name, MemberListType listType, CacheType cacheType)
   at System.RuntimeType.GetNestedTypeCandidates(String fullname, BindingFlags bindingAttr, Boolean allowPrefixLookup)
   at System.RuntimeType.GetMember(String name, MemberTypes type, BindingFlags bindingAttr)
   at Microsoft.VisualBasic.CompilerServices.Symbols.Container.LookupNamedMembers(String MemberName)
   at Microsoft.VisualBasic.CompilerServices.Symbols.Container.GetMembers(String& MemberName, Boolean ReportErrors)
   at Microsoft.VisualBasic.CompilerServices.NewLateBinding.ObjectLateGet(Object Instance, Type Type, String MemberName, Object[] Arguments, String[] ArgumentNames, Type[] TypeArguments, Boolean[] CopyBack)
   at Microsoft.VisualBasic.CompilerServices.NewLateBinding.LateGet(Object Instance, Type Type, String MemberName, Object[] Arguments, String[] ArgumentNames, Type[] TypeArguments, Boolean[] CopyBack)
   at a0.a(Object A_0)
====================
Date/Time: 11/10/2017 14:21:13
Method: EnableAllMenu
Message: Could not load file or assembly 'Accessibility, Version=4.0.0.0, Culture=neutral, PublicKeyToken=b03f5f7f11d50a3a' or one of its dependencies. Access is denied.
StackTrace:    at System.ModuleHandle.ResolveType(RuntimeModule module, Int32 typeToken, IntPtr* typeInstArgs, Int32 typeInstCount, IntPtr* methodInstArgs, Int32 methodInstCount, ObjectHandleOnStack type)
   at System.ModuleHandle.ResolveTypeHandleInternal(RuntimeModule module, Int32 typeToken, RuntimeTypeHandle[] typeInstantiationContext, RuntimeTypeHandle[] methodInstantiationContext)
   at System.RuntimeType.RuntimeTypeCache.MemberInfoCache`1.PopulateNestedClasses(Filter filter)
   at System.RuntimeType.RuntimeTypeCache.MemberInfoCache`1.GetListByName(Char* pName, Int32 cNameLen, Byte* pUtf8Name, Int32 cUtf8Name, MemberListType listType, CacheType cacheType)
   at System.RuntimeType.RuntimeTypeCache.MemberInfoCache`1.Populate(String name, MemberListType listType, CacheType cacheType)
   at System.RuntimeType.GetNestedTypeCandidates(String fullname, BindingFlags bindingAttr, Boolean allowPrefixLookup)
   at System.RuntimeType.GetMember(String name, MemberTypes type, BindingFlags bindingAttr)
   at Microsoft.VisualBasic.CompilerServices.Symbols.Container.LookupNamedMembers(String MemberName)
   at Microsoft.VisualBasic.CompilerServices.Symbols.Container.GetMembers(String& MemberName, Boolean ReportErrors)
   at Microsoft.VisualBasic.CompilerServices.NewLateBinding.ObjectLateGet(Object Instance, Type Type, String MemberName, Object[] Arguments, String[] ArgumentNames, Type[] TypeArguments, Boolean[] CopyBack)
   at Microsoft.VisualBasic.CompilerServices.NewLateBinding.LateGet(Object Instance, Type Type, String MemberName, Object[] Arguments, String[] ArgumentNames, Type[] TypeArguments, Boolean[] CopyBack)
   at a0.d()
====================
Date/Time: 27/12/2017 15:21:16
Method: SQLConnectDatabase
Message: Login failed for user 'SA'.
StackTrace:    at System.Data.SqlClient.SqlInternalConnection.OnError(SqlException exception, Boolean breakConnection)
   at System.Data.SqlClient.TdsParser.ThrowExceptionAndWarning()
   at System.Data.SqlClient.TdsParser.Run(RunBehavior runBehavior, SqlCommand cmdHandler, SqlDataReader dataStream, BulkCopySimpleResultSet bulkCopyHandler, TdsParserStateObject stateObj)
   at System.Data.SqlClient.SqlInternalConnectionTds.CompleteLogin(Boolean enlistOK)
   at System.Data.SqlClient.SqlInternalConnectionTds.AttemptOneLogin(ServerInfo serverInfo, String newPassword, Boolean ignoreSniOpenTimeout, TimeoutTimer timeout, SqlConnection owningObject)
   at System.Data.SqlClient.SqlInternalConnectionTds.LoginNoFailover(ServerInfo serverInfo, String newPassword, Boolean redirectedUserInstance, SqlConnection owningObject, SqlConnectionString connectionOptions, TimeoutTimer timeout)
   at System.Data.SqlClient.SqlInternalConnectionTds.OpenLoginEnlist(SqlConnection owningObject, TimeoutTimer timeout, SqlConnectionString connectionOptions, String newPassword, Boolean redirectedUserInstance)
   at System.Data.SqlClient.SqlInternalConnectionTds..ctor(DbConnectionPoolIdentity identity, SqlConnectionString connectionOptions, Object providerInfo, String newPassword, SqlConnection owningObject, Boolean redirectedUserInstance)
   at System.Data.SqlClient.SqlConnectionFactory.CreateConnection(DbConnectionOptions options, Object poolGroupProviderInfo, DbConnectionPool pool, DbConnection owningConnection)
   at System.Data.ProviderBase.DbConnectionFactory.CreatePooledConnection(DbConnection owningConnection, DbConnectionPool pool, DbConnectionOptions options)
   at System.Data.ProviderBase.DbConnectionPool.CreateObject(DbConnection owningObject)
   at System.Data.ProviderBase.DbConnectionPool.UserCreateRequest(DbConnection owningObject)
   at System.Data.ProviderBase.DbConnectionPool.GetConnection(DbConnection owningObject)
   at System.Data.ProviderBase.DbConnectionFactory.GetConnection(DbConnection owningConnection)
   at System.Data.ProviderBase.DbConnectionClosed.OpenConnection(DbConnection outerConnection, DbConnectionFactory connectionFactory)
   at System.Data.SqlClient.SqlConnection.Open()
   at TSDUtil.clsApp.SQLConnectDatabase()
====================
Date/Time: 30/12/2017 09:21:06
Method: SQLConnectDatabase
Message: A network-related or instance-specific error occurred while establishing a connection to SQL Server. The server was not found or was not accessible. Verify that the instance name is correct and that SQL Server is configured to allow remote connections. (provider: SQL Network Interfaces, error: 26 - Error Locating Server/Instance Specified)
StackTrace:    at System.Data.SqlClient.SqlInternalConnectionTds..ctor(DbConnectionPoolIdentity identity, SqlConnectionString connectionOptions, SqlCredential credential, Object providerInfo, String newPassword, SecureString newSecurePassword, Boolean redirectedUserInstance, SqlConnectionString userConnectionOptions, SessionData reconnectSessionData, DbConnectionPool pool, String accessToken, Boolean applyTransientFaultHandling)
   at System.Data.SqlClient.SqlConnectionFactory.CreateConnection(DbConnectionOptions options, DbConnectionPoolKey poolKey, Object poolGroupProviderInfo, DbConnectionPool pool, DbConnection owningConnection, DbConnectionOptions userOptions)
   at System.Data.ProviderBase.DbConnectionFactory.CreatePooledConnection(DbConnectionPool pool, DbConnection owningObject, DbConnectionOptions options, DbConnectionPoolKey poolKey, DbConnectionOptions userOptions)
   at System.Data.ProviderBase.DbConnectionPool.CreateObject(DbConnection owningObject, DbConnectionOptions userOptions, DbConnectionInternal oldConnection)
   at System.Data.ProviderBase.DbConnectionPool.UserCreateRequest(DbConnection owningObject, DbConnectionOptions userOptions, DbConnectionInternal oldConnection)
   at System.Data.ProviderBase.DbConnectionPool.TryGetConnection(DbConnection owningObject, UInt32 waitForMultipleObjectsTimeout, Boolean allowCreate, Boolean onlyOneCheckConnection, DbConnectionOptions userOptions, DbConnectionInternal& connection)
   at System.Data.ProviderBase.DbConnectionPool.TryGetConnection(DbConnection owningObject, TaskCompletionSource`1 retry, DbConnectionOptions userOptions, DbConnectionInternal& connection)
   at System.Data.ProviderBase.DbConnectionFactory.TryGetConnection(DbConnection owningConnection, TaskCompletionSource`1 retry, DbConnectionOptions userOptions, DbConnectionInternal oldConnection, DbConnectionInternal& connection)
   at System.Data.ProviderBase.DbConnectionInternal.TryOpenConnectionInternal(DbConnection outerConnection, DbConnectionFactory connectionFactory, TaskCompletionSource`1 retry, DbConnectionOptions userOptions)
   at System.Data.SqlClient.SqlConnection.TryOpenInner(TaskCompletionSource`1 retry)
   at System.Data.SqlClient.SqlConnection.TryOpen(TaskCompletionSource`1 retry)
   at System.Data.SqlClient.SqlConnection.Open()
   at TSDUtil.clsApp.SQLConnectDatabase()
====================
Date/Time: 30/12/2017 09:28:17
Method: SQLConnectDatabase
Message: A network-related or instance-specific error occurred while establishing a connection to SQL Server. The server was not found or was not accessible. Verify that the instance name is correct and that SQL Server is configured to allow remote connections. (provider: SQL Network Interfaces, error: 26 - Error Locating Server/Instance Specified)
StackTrace:    at System.Data.SqlClient.SqlInternalConnectionTds..ctor(DbConnectionPoolIdentity identity, SqlConnectionString connectionOptions, SqlCredential credential, Object providerInfo, String newPassword, SecureString newSecurePassword, Boolean redirectedUserInstance, SqlConnectionString userConnectionOptions, SessionData reconnectSessionData, DbConnectionPool pool, String accessToken, Boolean applyTransientFaultHandling)
   at System.Data.SqlClient.SqlConnectionFactory.CreateConnection(DbConnectionOptions options, DbConnectionPoolKey poolKey, Object poolGroupProviderInfo, DbConnectionPool pool, DbConnection owningConnection, DbConnectionOptions userOptions)
   at System.Data.ProviderBase.DbConnectionFactory.CreatePooledConnection(DbConnectionPool pool, DbConnection owningObject, DbConnectionOptions options, DbConnectionPoolKey poolKey, DbConnectionOptions userOptions)
   at System.Data.ProviderBase.DbConnectionPool.CreateObject(DbConnection owningObject, DbConnectionOptions userOptions, DbConnectionInternal oldConnection)
   at System.Data.ProviderBase.DbConnectionPool.UserCreateRequest(DbConnection owningObject, DbConnectionOptions userOptions, DbConnectionInternal oldConnection)
   at System.Data.ProviderBase.DbConnectionPool.TryGetConnection(DbConnection owningObject, UInt32 waitForMultipleObjectsTimeout, Boolean allowCreate, Boolean onlyOneCheckConnection, DbConnectionOptions userOptions, DbConnectionInternal& connection)
   at System.Data.ProviderBase.DbConnectionPool.TryGetConnection(DbConnection owningObject, TaskCompletionSource`1 retry, DbConnectionOptions userOptions, DbConnectionInternal& connection)
   at System.Data.ProviderBase.DbConnectionFactory.TryGetConnection(DbConnection owningConnection, TaskCompletionSource`1 retry, DbConnectionOptions userOptions, DbConnectionInternal oldConnection, DbConnectionInternal& connection)
   at System.Data.ProviderBase.DbConnectionInternal.TryOpenConnectionInternal(DbConnection outerConnection, DbConnectionFactory connectionFactory, TaskCompletionSource`1 retry, DbConnectionOptions userOptions)
   at System.Data.SqlClient.SqlConnection.TryOpenInner(TaskCompletionSource`1 retry)
   at System.Data.SqlClient.SqlConnection.TryOpen(TaskCompletionSource`1 retry)
   at System.Data.SqlClient.SqlConnection.Open()
   at TSDUtil.clsApp.SQLConnectDatabase()
====================
Date/Time: 04/01/2018 20:27:39
Method: SQLConnectDatabase
Message: A network-related or instance-specific error occurred while establishing a connection to SQL Server. The server was not found or was not accessible. Verify that the instance name is correct and that SQL Server is configured to allow remote connections. (provider: SQL Network Interfaces, error: 26 - Error Locating Server/Instance Specified)
StackTrace:    at System.Data.SqlClient.SqlInternalConnectionTds..ctor(DbConnectionPoolIdentity identity, SqlConnectionString connectionOptions, SqlCredential credential, Object providerInfo, String newPassword, SecureString newSecurePassword, Boolean redirectedUserInstance, SqlConnectionString userConnectionOptions, SessionData reconnectSessionData, DbConnectionPool pool, String accessToken, Boolean applyTransientFaultHandling)
   at System.Data.SqlClient.SqlConnectionFactory.CreateConnection(DbConnectionOptions options, DbConnectionPoolKey poolKey, Object poolGroupProviderInfo, DbConnectionPool pool, DbConnection owningConnection, DbConnectionOptions userOptions)
   at System.Data.ProviderBase.DbConnectionFactory.CreatePooledConnection(DbConnectionPool pool, DbConnection owningObject, DbConnectionOptions options, DbConnectionPoolKey poolKey, DbConnectionOptions userOptions)
   at System.Data.ProviderBase.DbConnectionPool.CreateObject(DbConnection owningObject, DbConnectionOptions userOptions, DbConnectionInternal oldConnection)
   at System.Data.ProviderBase.DbConnectionPool.UserCreateRequest(DbConnection owningObject, DbConnectionOptions userOptions, DbConnectionInternal oldConnection)
   at System.Data.ProviderBase.DbConnectionPool.TryGetConnection(DbConnection owningObject, UInt32 waitForMultipleObjectsTimeout, Boolean allowCreate, Boolean onlyOneCheckConnection, DbConnectionOptions userOptions, DbConnectionInternal& connection)
   at System.Data.ProviderBase.DbConnectionPool.TryGetConnection(DbConnection owningObject, TaskCompletionSource`1 retry, DbConnectionOptions userOptions, DbConnectionInternal& connection)
   at System.Data.ProviderBase.DbConnectionFactory.TryGetConnection(DbConnection owningConnection, TaskCompletionSource`1 retry, DbConnectionOptions userOptions, DbConnectionInternal oldConnection, DbConnectionInternal& connection)
   at System.Data.ProviderBase.DbConnectionInternal.TryOpenConnectionInternal(DbConnection outerConnection, DbConnectionFactory connectionFactory, TaskCompletionSource`1 retry, DbConnectionOptions userOptions)
   at System.Data.SqlClient.SqlConnection.TryOpenInner(TaskCompletionSource`1 retry)
   at System.Data.SqlClient.SqlConnection.TryOpen(TaskCompletionSource`1 retry)
   at System.Data.SqlClient.SqlConnection.Open()
   at TSDUtil.clsApp.SQLConnectDatabase()
====================
Date/Time: 13/01/2018 09:18:51
Method: ExportTrueDBToEXCEL
Message: See inner exception(s) for details.
StackTrace:    at NetOffice.Invoker.PropertyGet(COMObject comObject, String name, Object[] paramsArray)
   at NetOffice.ExcelApi.Range.get_Item(Object rowIndex, Object columnIndex)
   at TSDUtil.clsApp.ExportTrueDBToEXCEL(C1TrueDBGrid grdData)
====================
