Creating [dbo].[HL_KB_XUAT_CT]
Creating primary key [PK_HL_KB_XUAT_CT] on [dbo].[HL_KB_XUAT_CT]
Creating [dbo].[HL_VANDON_TRACUU]
Creating primary key [PK_HL_VANDON_TRACUU] on [dbo].[HL_VANDON_TRACUU]
Creating [dbo].[HL_TOKHAI_TRACUU]
Creating primary key [PK_HL_TOKHAI_TRACUU] on [dbo].[HL_TOKHAI_TRACUU]
Creating [dbo].[HL_KB_HANGHOA_CT]
Creating primary key [PK_HL_KB_HANGHOA_CT] on [dbo].[HL_KB_HANGHOA_CT]
Creating [dbo].[HL_KB_THAYDOI]
Creating primary key [PK_HL_KB_THAYDOI] on [dbo].[HL_KB_THAYDOI]
Creating [dbo].[HL_VANDON_TRACUU_CT]
Creating primary key [PK_HL_VANDON_TRACUU_CT] on
[dbo].[HL_VANDON_TRACUU_CT]
Creating [dbo].[HL_KB_HUY]
Creating primary key [PK_HL_KB_HUY] on [dbo].[HL_KB_HUY]
Creating [dbo].[HL_KB_XUAT_141_CT]
Creating primary key [PK_HL_KB_XUAT_141_CT] on
[dbo].[HL_KB_XUAT_141_CT]
Creating [dbo].[HL_KB_XUAT_141]
Creating primary key [PK_HL_KB_XUAT_141] on [dbo].[HL_KB_XUAT_141]
Creating [dbo].[HL_KB_THAYDOI_CT]
Creating primary key [PK_HL_KB_THAYDOI_CT] on [dbo].[HL_KB_THAYDOI_CT]
Creating [dbo].[HL_TOKHAI_TRACUU_CT]
Creating primary key [PK_HL_TOKHAI_TRACUU_CT] on
[dbo].[HL_TOKHAI_TRACUU_CT]
Creating [dbo].[HL_KB_SAIKHAC_CT]
Creating primary key [PK_HL_KB_SAIKHAC_CT] on [dbo].[HL_KB_SAIKHAC_CT]
Creating [dbo].[HL_KB_NHAP]
Creating primary key [PK_HL_KB_NHAP] on [dbo].[HL_KB_NHAP]
Creating [dbo].[HL_KB_SUA]
Creating primary key [PK_HL_KB_SUA] on [dbo].[HL_KB_SUA]
Creating [dbo].[HL_KB_XUAT]
Creating primary key [PK_HL_KB_XUAT] on [dbo].[HL_KB_XUAT]
Creating [dbo].[HL_KB_HANGHOA]
Creating primary key [PK_HL_KB_HANGHOA] on [dbo].[HL_KB_HANGHOA]
Creating [dbo].[HL_KB_NHAP_CT]
Creating primary key [PK_HL_KB_NHAP_CT] on [dbo].[HL_KB_NHAP_CT]
Creating [dbo].[HL_KB_NHAP_CT_TK]
Creating primary key [PK_HL_KB_NHAP_CT_TK] on [dbo].[HL_KB_NHAP_CT_TK]
Creating [dbo].[HL_KB_SODO]
Creating primary key [PK_HL_KB_SODO] on [dbo].[HL_KB_SODO]
Creating [dbo].[HL_KB_SAIKHAC]
Creating primary key [PK_HL_KB_SAIKHAC] on [dbo].[HL_KB_SAIKHAC]
Adding foreign keys to [dbo].[HL_VANDON_TRACUU]
Adding foreign keys to [dbo].[HL_KB_NHAP_CT]
Adding foreign keys to [dbo].[HL_KB_HANGHOA]
Adding foreign keys to [dbo].[HL_KB_THAYDOI_CT]
Adding foreign keys to [dbo].[HL_KB_XUAT_141_CT]
Adding foreign keys to [dbo].[HL_KB_NHAP]
Adding foreign keys to [dbo].[HL_KB_SUA]
Adding foreign keys to [dbo].[HL_KB_XUAT_CT]
Adding foreign keys to [dbo].[HL_KB_THAYDOI]
Adding foreign keys to [dbo].[HL_KB_SODO]
Adding foreign keys to [dbo].[HL_KB_SAIKHAC]
Adding foreign keys to [dbo].[HL_KB_NHAP_CT_TK]
Adding foreign keys to [dbo].[HL_TOKHAI_TRACUU_CT]
Adding foreign keys to [dbo].[HL_KB_XUAT]
Adding foreign keys to [dbo].[HL_KB_SAIKHAC_CT]
Adding foreign keys to [dbo].[HL_VANDON_TRACUU_CT]
Adding foreign keys to [dbo].[HL_KB_XUAT_141]
Adding foreign keys to [dbo].[HL_KB_HANGHOA_CT]
(1 row affected)
The database updated succeeded
